<?xml version="1.0" encoding="UTF-8"?>
<!-- Generated by org.testng.reporters.JUnitXMLReporter -->
<testsuite ignored="5" hostname="DESKTOP-SHJA200" failures="0" tests="1" name="Default test" time="35.158" errors="0" timestamp="2023-05-10T20:25:02 EDT">
  <testcase classname="tests.EpicOneTest" name="testCaseOne" time="34.532"/>
  <testcase classname="tests.EpicOneTest" name="testCase" time="0.0">
    <ignored/>
  </testcase> <!-- testCase -->
  <testcase classname="tests.EpicOneTest" name="testCaseFive" time="0.0">
    <ignored/>
  </testcase> <!-- testCaseFive -->
  <testcase classname="tests.EpicOneTest" name="testCaseFour" time="0.0">
    <ignored/>
  </testcase> <!-- testCaseFour -->
  <testcase classname="tests.EpicOneTest" name="testCaseThree" time="0.0">
    <ignored/>
  </testcase> <!-- testCaseThree -->
  <testcase classname="tests.EpicOneTest" name="testCaseTwo" time="0.0">
    <ignored/>
  </testcase> <!-- testCaseTwo -->
</testsuite> <!-- Default test -->
